<?xml version="1.0" encoding="UTF-8"?>
<testsuite xmlns:xsi="http://www.w3.org/2001/XMLSchema-instance" xsi:noNamespaceSchemaLocation="https://maven.apache.org/surefire/maven-surefire-plugin/xsd/surefire-test-report.xsd" name="TestSuite" time="0.952" tests="4" errors="0" skipped="0" failures="1">
  <properties>
    <property name="gopherProxySet" value="false"/>
    <property name="awt.toolkit" value="sun.lwawt.macosx.LWCToolkit"/>
    <property name="file.encoding.pkg" value="sun.io"/>
    <property name="java.specification.version" value="1.8"/>
    <property name="sun.cpu.isalist" value=""/>
    <property name="sun.jnu.encoding" value="UTF-8"/>
    <property name="java.class.path" value="/Users/moviltest/practicas/Unitarias/target/test-classes:/Users/moviltest/practicas/Unitarias/target/classes:/Users/moviltest/.m2/repository/ru/yandex/qatools/allure/allure-testng-adaptor/1.5.2/allure-testng-adaptor-1.5.2.jar:/Users/moviltest/.m2/repository/ru/yandex/qatools/allure/allure-java-aspects/1.5.2/allure-java-aspects-1.5.2.jar:/Users/moviltest/.m2/repository/ru/yandex/qatools/allure/allure-java-adaptor-api/1.5.2/allure-java-adaptor-api-1.5.2.jar:/Users/moviltest/.m2/repository/ru/yandex/qatools/allure/allure-java-annotations/1.5.2/allure-java-annotations-1.5.2.jar:/Users/moviltest/.m2/repository/ru/yandex/qatools/allure/allure-model/1.5.2/allure-model-1.5.2.jar:/Users/moviltest/.m2/repository/org/jvnet/jaxb2_commons/jaxb2-basics-runtime/0.9.3/jaxb2-basics-runtime-0.9.3.jar:/Users/moviltest/.m2/repository/ru/qatools/commons/properties/2.0.RC5/properties-2.0.RC5.jar:/Users/moviltest/.m2/repository/org/slf4j/slf4j-api/1.7.12/slf4j-api-1.7.12.jar:/Users/moviltest/.m2/repository/org/apache/tika/tika-core/1.7/tika-core-1.7.jar:/Users/moviltest/.m2/repository/org/aspectj/aspectjrt/1.8.3/aspectjrt-1.8.3.jar:/Users/moviltest/.m2/repository/org/testng/testng/6.9.8/testng-6.9.8.jar:/Users/moviltest/.m2/repository/org/beanshell/bsh/2.0b4/bsh-2.0b4.jar:/Users/moviltest/.m2/repository/com/beust/jcommander/1.48/jcommander-1.48.jar:/Users/moviltest/.m2/repository/org/seleniumhq/selenium/selenium-java/2.53.0/selenium-java-2.53.0.jar:/Users/moviltest/.m2/repository/org/seleniumhq/selenium/selenium-chrome-driver/2.53.0/selenium-chrome-driver-2.53.0.jar:/Users/moviltest/.m2/repository/org/seleniumhq/selenium/selenium-remote-driver/2.53.0/selenium-remote-driver-2.53.0.jar:/Users/moviltest/.m2/repository/cglib/cglib-nodep/2.1_3/cglib-nodep-2.1_3.jar:/Users/moviltest/.m2/repository/com/google/code/gson/gson/2.3.1/gson-2.3.1.jar:/Users/moviltest/.m2/repository/org/seleniumhq/selenium/selenium-api/2.53.0/selenium-api-2.53.0.jar:/Users/moviltest/.m2/repository/org/apache/httpcomponents/httpclient/4.5.1/httpclient-4.5.1.jar:/Users/moviltest/.m2/repository/org/apache/httpcomponents/httpcore/4.4.3/httpcore-4.4.3.jar:/Users/moviltest/.m2/repository/commons-logging/commons-logging/1.2/commons-logging-1.2.jar:/Users/moviltest/.m2/repository/commons-codec/commons-codec/1.9/commons-codec-1.9.jar:/Users/moviltest/.m2/repository/com/google/guava/guava/19.0/guava-19.0.jar:/Users/moviltest/.m2/repository/org/seleniumhq/selenium/selenium-edge-driver/2.53.0/selenium-edge-driver-2.53.0.jar:/Users/moviltest/.m2/repository/commons-io/commons-io/2.4/commons-io-2.4.jar:/Users/moviltest/.m2/repository/org/apache/commons/commons-exec/1.3/commons-exec-1.3.jar:/Users/moviltest/.m2/repository/org/seleniumhq/selenium/selenium-firefox-driver/2.53.0/selenium-firefox-driver-2.53.0.jar:/Users/moviltest/.m2/repository/org/seleniumhq/selenium/selenium-ie-driver/2.53.0/selenium-ie-driver-2.53.0.jar:/Users/moviltest/.m2/repository/net/java/dev/jna/jna/4.1.0/jna-4.1.0.jar:/Users/moviltest/.m2/repository/net/java/dev/jna/jna-platform/4.1.0/jna-platform-4.1.0.jar:/Users/moviltest/.m2/repository/org/seleniumhq/selenium/selenium-safari-driver/2.53.0/selenium-safari-driver-2.53.0.jar:/Users/moviltest/.m2/repository/io/netty/netty/3.5.7.Final/netty-3.5.7.Final.jar:/Users/moviltest/.m2/repository/org/seleniumhq/selenium/selenium-support/2.53.0/selenium-support-2.53.0.jar:/Users/moviltest/.m2/repository/org/seleniumhq/selenium/selenium-leg-rc/2.53.0/selenium-leg-rc-2.53.0.jar:/Users/moviltest/.m2/repository/org/apache/maven/surefire/surefire-testng-utils/2.20.1/surefire-testng-utils-2.20.1.jar:/Users/moviltest/.m2/repository/org/apache/maven/surefire/surefire-grouper/2.20.1/surefire-grouper-2.20.1.jar:"/>
    <property name="java.vm.vendor" value="Oracle Corporation"/>
    <property name="sun.arch.data.model" value="64"/>
    <property name="java.vendor.url" value="http://java.oracle.com/"/>
    <property name="user.timezone" value=""/>
    <property name="user.country.format" value="CR"/>
    <property name="java.vm.specification.version" value="1.8"/>
    <property name="os.name" value="Mac OS X"/>
    <property name="user.country" value="ES"/>
    <property name="sun.java.launcher" value="SUN_STANDARD"/>
    <property name="sun.boot.library.path" value="/Library/Java/JavaVirtualMachines/jdk1.8.0_151.jdk/Contents/Home/jre/lib"/>
    <property name="sun.java.command" value="/Users/moviltest/practicas/Unitarias/target/surefire/surefirebooter4529572115232406656.jar /Users/moviltest/practicas/Unitarias/target/surefire 2018-02-19T12-29-39_930-jvmRun1 surefire1679582042036199089tmp surefire_0916850410640872375tmp"/>
    <property name="http.nonProxyHosts" value="local|*.local|169.254/16|*.169.254/16"/>
    <property name="surefire.test.class.path" value="/Users/moviltest/practicas/Unitarias/target/test-classes:/Users/moviltest/practicas/Unitarias/target/classes:/Users/moviltest/.m2/repository/ru/yandex/qatools/allure/allure-testng-adaptor/1.5.2/allure-testng-adaptor-1.5.2.jar:/Users/moviltest/.m2/repository/ru/yandex/qatools/allure/allure-java-aspects/1.5.2/allure-java-aspects-1.5.2.jar:/Users/moviltest/.m2/repository/ru/yandex/qatools/allure/allure-java-adaptor-api/1.5.2/allure-java-adaptor-api-1.5.2.jar:/Users/moviltest/.m2/repository/ru/yandex/qatools/allure/allure-java-annotations/1.5.2/allure-java-annotations-1.5.2.jar:/Users/moviltest/.m2/repository/ru/yandex/qatools/allure/allure-model/1.5.2/allure-model-1.5.2.jar:/Users/moviltest/.m2/repository/org/jvnet/jaxb2_commons/jaxb2-basics-runtime/0.9.3/jaxb2-basics-runtime-0.9.3.jar:/Users/moviltest/.m2/repository/ru/qatools/commons/properties/2.0.RC5/properties-2.0.RC5.jar:/Users/moviltest/.m2/repository/org/slf4j/slf4j-api/1.7.12/slf4j-api-1.7.12.jar:/Users/moviltest/.m2/repository/org/apache/tika/tika-core/1.7/tika-core-1.7.jar:/Users/moviltest/.m2/repository/org/aspectj/aspectjrt/1.8.3/aspectjrt-1.8.3.jar:/Users/moviltest/.m2/repository/org/testng/testng/6.9.8/testng-6.9.8.jar:/Users/moviltest/.m2/repository/org/beanshell/bsh/2.0b4/bsh-2.0b4.jar:/Users/moviltest/.m2/repository/com/beust/jcommander/1.48/jcommander-1.48.jar:/Users/moviltest/.m2/repository/org/seleniumhq/selenium/selenium-java/2.53.0/selenium-java-2.53.0.jar:/Users/moviltest/.m2/repository/org/seleniumhq/selenium/selenium-chrome-driver/2.53.0/selenium-chrome-driver-2.53.0.jar:/Users/moviltest/.m2/repository/org/seleniumhq/selenium/selenium-remote-driver/2.53.0/selenium-remote-driver-2.53.0.jar:/Users/moviltest/.m2/repository/cglib/cglib-nodep/2.1_3/cglib-nodep-2.1_3.jar:/Users/moviltest/.m2/repository/com/google/code/gson/gson/2.3.1/gson-2.3.1.jar:/Users/moviltest/.m2/repository/org/seleniumhq/selenium/selenium-api/2.53.0/selenium-api-2.53.0.jar:/Users/moviltest/.m2/repository/org/apache/httpcomponents/httpclient/4.5.1/httpclient-4.5.1.jar:/Users/moviltest/.m2/repository/org/apache/httpcomponents/httpcore/4.4.3/httpcore-4.4.3.jar:/Users/moviltest/.m2/repository/commons-logging/commons-logging/1.2/commons-logging-1.2.jar:/Users/moviltest/.m2/repository/commons-codec/commons-codec/1.9/commons-codec-1.9.jar:/Users/moviltest/.m2/repository/com/google/guava/guava/19.0/guava-19.0.jar:/Users/moviltest/.m2/repository/org/seleniumhq/selenium/selenium-edge-driver/2.53.0/selenium-edge-driver-2.53.0.jar:/Users/moviltest/.m2/repository/commons-io/commons-io/2.4/commons-io-2.4.jar:/Users/moviltest/.m2/repository/org/apache/commons/commons-exec/1.3/commons-exec-1.3.jar:/Users/moviltest/.m2/repository/org/seleniumhq/selenium/selenium-firefox-driver/2.53.0/selenium-firefox-driver-2.53.0.jar:/Users/moviltest/.m2/repository/org/seleniumhq/selenium/selenium-ie-driver/2.53.0/selenium-ie-driver-2.53.0.jar:/Users/moviltest/.m2/repository/net/java/dev/jna/jna/4.1.0/jna-4.1.0.jar:/Users/moviltest/.m2/repository/net/java/dev/jna/jna-platform/4.1.0/jna-platform-4.1.0.jar:/Users/moviltest/.m2/repository/org/seleniumhq/selenium/selenium-safari-driver/2.53.0/selenium-safari-driver-2.53.0.jar:/Users/moviltest/.m2/repository/io/netty/netty/3.5.7.Final/netty-3.5.7.Final.jar:/Users/moviltest/.m2/repository/org/seleniumhq/selenium/selenium-support/2.53.0/selenium-support-2.53.0.jar:/Users/moviltest/.m2/repository/org/seleniumhq/selenium/selenium-leg-rc/2.53.0/selenium-leg-rc-2.53.0.jar:/Users/moviltest/.m2/repository/org/apache/maven/surefire/surefire-testng-utils/2.20.1/surefire-testng-utils-2.20.1.jar:/Users/moviltest/.m2/repository/org/apache/maven/surefire/surefire-grouper/2.20.1/surefire-grouper-2.20.1.jar:"/>
    <property name="sun.cpu.endian" value="little"/>
    <property name="user.home" value="/Users/moviltest"/>
    <property name="user.language" value="es"/>
    <property name="java.specification.vendor" value="Oracle Corporation"/>
    <property name="java.home" value="/Library/Java/JavaVirtualMachines/jdk1.8.0_151.jdk/Contents/Home/jre"/>
    <property name="basedir" value="/Users/moviltest/practicas/Unitarias"/>
    <property name="file.separator" value="/"/>
    <property name="line.separator" value="&#10;"/>
    <property name="java.vm.specification.vendor" value="Oracle Corporation"/>
    <property name="java.specification.name" value="Java Platform API Specification"/>
    <property name="java.awt.graphicsenv" value="sun.awt.CGraphicsEnvironment"/>
    <property name="surefire.real.class.path" value="/Users/moviltest/practicas/Unitarias/target/surefire/surefirebooter4529572115232406656.jar:/Users/moviltest/.m2/repository/org/aspectj/aspectjweaver/1.8.9/aspectjweaver-1.8.9.jar"/>
    <property name="sun.boot.class.path" value="/Library/Java/JavaVirtualMachines/jdk1.8.0_151.jdk/Contents/Home/jre/lib/resources.jar:/Library/Java/JavaVirtualMachines/jdk1.8.0_151.jdk/Contents/Home/jre/lib/rt.jar:/Library/Java/JavaVirtualMachines/jdk1.8.0_151.jdk/Contents/Home/jre/lib/sunrsasign.jar:/Library/Java/JavaVirtualMachines/jdk1.8.0_151.jdk/Contents/Home/jre/lib/jsse.jar:/Library/Java/JavaVirtualMachines/jdk1.8.0_151.jdk/Contents/Home/jre/lib/jce.jar:/Library/Java/JavaVirtualMachines/jdk1.8.0_151.jdk/Contents/Home/jre/lib/charsets.jar:/Library/Java/JavaVirtualMachines/jdk1.8.0_151.jdk/Contents/Home/jre/lib/jfr.jar:/Library/Java/JavaVirtualMachines/jdk1.8.0_151.jdk/Contents/Home/jre/classes"/>
    <property name="sun.management.compiler" value="HotSpot 64-Bit Tiered Compilers"/>
    <property name="ftp.nonProxyHosts" value="local|*.local|169.254/16|*.169.254/16"/>
    <property name="java.runtime.version" value="1.8.0_151-b12"/>
    <property name="user.name" value="moviltest"/>
    <property name="path.separator" value=":"/>
    <property name="os.version" value="10.13.3"/>
    <property name="java.endorsed.dirs" value="/Library/Java/JavaVirtualMachines/jdk1.8.0_151.jdk/Contents/Home/jre/lib/endorsed"/>
    <property name="java.runtime.name" value="Java(TM) SE Runtime Environment"/>
    <property name="file.encoding" value="UTF-8"/>
    <property name="java.vm.name" value="Java HotSpot(TM) 64-Bit Server VM"/>
    <property name="localRepository" value="/Users/moviltest/.m2/repository"/>
    <property name="java.vendor.url.bug" value="http://bugreport.sun.com/bugreport/"/>
    <property name="java.io.tmpdir" value="/var/folders/r3/m1ltbs_57_9d1whs82mgjyxh0000gn/T/"/>
    <property name="java.version" value="1.8.0_151"/>
    <property name="user.dir" value="/Users/moviltest/practicas/Unitarias"/>
    <property name="os.arch" value="x86_64"/>
    <property name="java.vm.specification.name" value="Java Virtual Machine Specification"/>
    <property name="java.awt.printerjob" value="sun.lwawt.macosx.CPrinterJob"/>
    <property name="sun.os.patch.level" value="unknown"/>
    <property name="java.library.path" value="/Users/moviltest/Library/Java/Extensions:/Library/Java/Extensions:/Network/Library/Java/Extensions:/System/Library/Java/Extensions:/usr/lib/java:."/>
    <property name="java.vm.info" value="mixed mode"/>
    <property name="java.vendor" value="Oracle Corporation"/>
    <property name="java.vm.version" value="25.151-b12"/>
    <property name="java.ext.dirs" value="/Users/moviltest/Library/Java/Extensions:/Library/Java/JavaVirtualMachines/jdk1.8.0_151.jdk/Contents/Home/jre/lib/ext:/Library/Java/Extensions:/Network/Library/Java/Extensions:/System/Library/Java/Extensions:/usr/lib/java"/>
    <property name="sun.io.unicode.encoding" value="UnicodeBig"/>
    <property name="java.class.version" value="52.0"/>
    <property name="socksNonProxyHosts" value="local|*.local|169.254/16|*.169.254/16"/>
  </properties>
  <testcase name="testDivision" classname="PracticaEclipse.Unitarias.AritmeticaTest" time="0.036"/>
  <testcase name="testMultiplicacion" classname="PracticaEclipse.Unitarias.AritmeticaTest" time="0.001"/>
  <testcase name="testResta" classname="PracticaEclipse.Unitarias.AritmeticaTest" time="0.142">
    <failure message="No da el mismo resultado se espereba: 5" type="java.lang.AssertionError">java.lang.AssertionError: No da el mismo resultado se espereba: 5
	at PracticaEclipse.Unitarias.AritmeticaTest.testResta(AritmeticaTest.java:44)
</failure>
  </testcase>
  <testcase name="testSuma" classname="PracticaEclipse.Unitarias.AritmeticaTest" time="0.001"/>
</testsuite>