<?xml version="1.0" encoding="UTF-8"?>
<!-- Generated by org.testng.reporters.JUnitReportReporter -->
<testsuite hostname="OCTI107.local" name="PracticaEclipse.Unitarias.AritmeticaTest" tests="5" failures="0" timestamp="12 Mar 2018 05:33:33 GMT" time="0.242" errors="0">
  <testcase name="testMultiplicacion" time="0.004" classname="PracticaEclipse.Unitarias.AritmeticaTest"/>
  <testcase name="testDivision" time="0.227" classname="PracticaEclipse.Unitarias.AritmeticaTest"/>
  <testcase name="testMultiplicacion2" time="0.004" classname="PracticaEclipse.Unitarias.AritmeticaTest"/>
  <testcase name="testSuma" time="0.003" classname="PracticaEclipse.Unitarias.AritmeticaTest"/>
  <testcase name="testResta" time="0.004" classname="PracticaEclipse.Unitarias.AritmeticaTest"/>
</testsuite> <!-- PracticaEclipse.Unitarias.AritmeticaTest -->
